Array
(
    [0] => Array
        (
            [0] => 42S02
            [SQLSTATE] => 42S02
            [1] => 208
            [code] => 208
            [2] => [Microsoft][ODBC Driver 17 for SQL Server][SQL Server]Invalid object name 'users'.
            [message] => [Microsoft][ODBC Driver 17 for SQL Server][SQL Server]Invalid object name 'users'.
        )

)
Array
(
    [0] => Array
        (
            [0] => 42000
            [SQLSTATE] => 42000
            [1] => 2812
            [code] => 2812
            [2] => [Microsoft][ODBC Driver 17 for SQL Server][SQL Server]Could not find stored procedure 'GetUserByUsername'.
            [message] => [Microsoft][ODBC Driver 17 for SQL Server][SQL Server]Could not find stored procedure 'GetUserByUsername'.
        )

)
Array
(
    [0] => Array
        (
            [0] => 42000
            [SQLSTATE] => 42000
            [1] => 2812
            [code] => 2812
            [2] => [Microsoft][ODBC Driver 17 for SQL Server][SQL Server]Could not find stored procedure 'GetUserByUsername'.
            [message] => [Microsoft][ODBC Driver 17 for SQL Server][SQL Server]Could not find stored procedure 'GetUserByUsername'.
        )

)
Array
(
    [0] => Array
        (
            [0] => 42000
            [SQLSTATE] => 42000
            [1] => 0
            [code] => 0
            [2] => [Microsoft][ODBC Driver 17 for SQL Server]Syntax error, permission violation, or other nonspecific error
            [message] => [Microsoft][ODBC Driver 17 for SQL Server]Syntax error, permission violation, or other nonspecific error
        )

)
Array
(
    [0] => Array
        (
            [0] => 42000
            [SQLSTATE] => 42000
            [1] => 0
            [code] => 0
            [2] => [Microsoft][ODBC Driver 17 for SQL Server]Syntax error, permission violation, or other nonspecific error
            [message] => [Microsoft][ODBC Driver 17 for SQL Server]Syntax error, permission violation, or other nonspecific error
        )

)
Array
(
    [0] => Array
        (
            [0] => 42000
            [SQLSTATE] => 42000
            [1] => 0
            [code] => 0
            [2] => [Microsoft][ODBC Driver 17 for SQL Server]Syntax error, permission violation, or other nonspecific error
            [message] => [Microsoft][ODBC Driver 17 for SQL Server]Syntax error, permission violation, or other nonspecific error
        )

)
Array
(
    [0] => Array
        (
            [0] => 42000
            [SQLSTATE] => 42000
            [1] => 2812
            [code] => 2812
            [2] => [Microsoft][ODBC Driver 17 for SQL Server][SQL Server]Could not find stored procedure 'CheckUsernameExists'.
            [message] => [Microsoft][ODBC Driver 17 for SQL Server][SQL Server]Could not find stored procedure 'CheckUsernameExists'.
        )

)
Array
(
    [0] => Array
        (
            [0] => 42000
            [SQLSTATE] => 42000
            [1] => 2812
            [code] => 2812
            [2] => [Microsoft][ODBC Driver 17 for SQL Server][SQL Server]Could not find stored procedure 'CheckUsernameExists'.
            [message] => [Microsoft][ODBC Driver 17 for SQL Server][SQL Server]Could not find stored procedure 'CheckUsernameExists'.
        )

)
Array
(
    [0] => Array
        (
            [0] => 42000
            [SQLSTATE] => 42000
            [1] => 2812
            [code] => 2812
            [2] => [Microsoft][ODBC Driver 17 for SQL Server][SQL Server]Could not find stored procedure 'RegisterUser'.
            [message] => [Microsoft][ODBC Driver 17 for SQL Server][SQL Server]Could not find stored procedure 'RegisterUser'.
        )

)
Array
(
    [0] => Array
        (
            [0] => 42000
            [SQLSTATE] => 42000
            [1] => 2812
            [code] => 2812
            [2] => [Microsoft][ODBC Driver 17 for SQL Server][SQL Server]Could not find stored procedure 'CheckUsernameExists'.
            [message] => [Microsoft][ODBC Driver 17 for SQL Server][SQL Server]Could not find stored procedure 'CheckUsernameExists'.
        )

)
Array
(
    [0] => Array
        (
            [0] => 42000
            [SQLSTATE] => 42000
            [1] => 2812
            [code] => 2812
            [2] => [Microsoft][ODBC Driver 17 for SQL Server][SQL Server]Could not find stored procedure 'RegisterUser'.
            [message] => [Microsoft][ODBC Driver 17 for SQL Server][SQL Server]Could not find stored procedure 'RegisterUser'.
        )

)
Array
(
    [0] => Array
        (
            [0] => 23000
            [SQLSTATE] => 23000
            [1] => 2627
            [code] => 2627
            [2] => [Microsoft][ODBC Driver 17 for SQL Server][SQL Server]Violation of UNIQUE KEY constraint 'UQ__tb_user__F3DBC572BE56053F'. Cannot insert duplicate key in object 'dbo.tb_user'. The duplicate key value is (yuan).
            [message] => [Microsoft][ODBC Driver 17 for SQL Server][SQL Server]Violation of UNIQUE KEY constraint 'UQ__tb_user__F3DBC572BE56053F'. Cannot insert duplicate key in object 'dbo.tb_user'. The duplicate key value is (yuan).
        )

    [1] => Array
        (
            [0] => 01000
            [SQLSTATE] => 01000
            [1] => 3621
            [code] => 3621
            [2] => [Microsoft][ODBC Driver 17 for SQL Server][SQL Server]The statement has been terminated.
            [message] => [Microsoft][ODBC Driver 17 for SQL Server][SQL Server]The statement has been terminated.
        )

)
Array
(
    [0] => Array
        (
            [0] => 42000
            [SQLSTATE] => 42000
            [1] => 2812
            [code] => 2812
            [2] => [Microsoft][ODBC Driver 17 for SQL Server][SQL Server]Could not find stored procedure 'GetUserByUsername'.
            [message] => [Microsoft][ODBC Driver 17 for SQL Server][SQL Server]Could not find stored procedure 'GetUserByUsername'.
        )

)
Array
(
    [0] => Array
        (
            [0] => 42000
            [SQLSTATE] => 42000
            [1] => 2812
            [code] => 2812
            [2] => [Microsoft][ODBC Driver 17 for SQL Server][SQL Server]Could not find stored procedure 'GetUserByUsername'.
            [message] => [Microsoft][ODBC Driver 17 for SQL Server][SQL Server]Could not find stored procedure 'GetUserByUsername'.
        )

)
Array
(
    [0] => Array
        (
            [0] => 42000
            [SQLSTATE] => 42000
            [1] => 2812
            [code] => 2812
            [2] => [Microsoft][ODBC Driver 17 for SQL Server][SQL Server]Could not find stored procedure 'CheckUsernameExists'.
            [message] => [Microsoft][ODBC Driver 17 for SQL Server][SQL Server]Could not find stored procedure 'CheckUsernameExists'.
        )

)
Array
(
    [0] => Array
        (
            [0] => 42000
            [SQLSTATE] => 42000
            [1] => 2812
            [code] => 2812
            [2] => [Microsoft][ODBC Driver 17 for SQL Server][SQL Server]Could not find stored procedure 'RegisterUser'.
            [message] => [Microsoft][ODBC Driver 17 for SQL Server][SQL Server]Could not find stored procedure 'RegisterUser'.
        )

)
Array
(
    [0] => Array
        (
            [0] => 42000
            [SQLSTATE] => 42000
            [1] => 2812
            [code] => 2812
            [2] => [Microsoft][ODBC Driver 17 for SQL Server][SQL Server]Could not find stored procedure 'CheckUsernameExists'.
            [message] => [Microsoft][ODBC Driver 17 for SQL Server][SQL Server]Could not find stored procedure 'CheckUsernameExists'.
        )

)
Array
(
    [0] => Array
        (
            [0] => 42000
            [SQLSTATE] => 42000
            [1] => 2812
            [code] => 2812
            [2] => [Microsoft][ODBC Driver 17 for SQL Server][SQL Server]Could not find stored procedure 'RegisterUser'.
            [message] => [Microsoft][ODBC Driver 17 for SQL Server][SQL Server]Could not find stored procedure 'RegisterUser'.
        )

)
Array
(
    [0] => Array
        (
            [0] => 42000
            [SQLSTATE] => 42000
            [1] => 2812
            [code] => 2812
            [2] => [Microsoft][ODBC Driver 17 for SQL Server][SQL Server]Could not find stored procedure 'CheckUsernameExists'.
            [message] => [Microsoft][ODBC Driver 17 for SQL Server][SQL Server]Could not find stored procedure 'CheckUsernameExists'.
        )

)
Array
(
    [0] => Array
        (
            [0] => 42000
            [SQLSTATE] => 42000
            [1] => 2812
            [code] => 2812
            [2] => [Microsoft][ODBC Driver 17 for SQL Server][SQL Server]Could not find stored procedure 'RegisterUser'.
            [message] => [Microsoft][ODBC Driver 17 for SQL Server][SQL Server]Could not find stored procedure 'RegisterUser'.
        )

)
Array
(
    [0] => Array
        (
            [0] => 42000
            [SQLSTATE] => 42000
            [1] => 2812
            [code] => 2812
            [2] => [Microsoft][ODBC Driver 17 for SQL Server][SQL Server]Could not find stored procedure 'CheckUsernameExists'.
            [message] => [Microsoft][ODBC Driver 17 for SQL Server][SQL Server]Could not find stored procedure 'CheckUsernameExists'.
        )

)
Array
(
    [0] => Array
        (
            [0] => 42000
            [SQLSTATE] => 42000
            [1] => 2812
            [code] => 2812
            [2] => [Microsoft][ODBC Driver 17 for SQL Server][SQL Server]Could not find stored procedure 'RegisterUser'.
            [message] => [Microsoft][ODBC Driver 17 for SQL Server][SQL Server]Could not find stored procedure 'RegisterUser'.
        )

)
Array
(
    [0] => Array
        (
            [0] => 42000
            [SQLSTATE] => 42000
            [1] => 2812
            [code] => 2812
            [2] => [Microsoft][ODBC Driver 17 for SQL Server][SQL Server]Could not find stored procedure 'CheckUsernameExists'.
            [message] => [Microsoft][ODBC Driver 17 for SQL Server][SQL Server]Could not find stored procedure 'CheckUsernameExists'.
        )

)
Array
(
    [0] => Array
        (
            [0] => 42000
            [SQLSTATE] => 42000
            [1] => 2812
            [code] => 2812
            [2] => [Microsoft][ODBC Driver 17 for SQL Server][SQL Server]Could not find stored procedure 'RegisterUser'.
            [message] => [Microsoft][ODBC Driver 17 for SQL Server][SQL Server]Could not find stored procedure 'RegisterUser'.
        )

)
Array
(
    [0] => Array
        (
            [0] => 42000
            [SQLSTATE] => 42000
            [1] => 0
            [code] => 0
            [2] => [Microsoft][ODBC Driver 17 for SQL Server]Syntax error, permission violation, or other nonspecific error
            [message] => [Microsoft][ODBC Driver 17 for SQL Server]Syntax error, permission violation, or other nonspecific error
        )

)
Array
(
    [0] => Array
        (
            [0] => 42000
            [SQLSTATE] => 42000
            [1] => 0
            [code] => 0
            [2] => [Microsoft][ODBC Driver 17 for SQL Server]Syntax error, permission violation, or other nonspecific error
            [message] => [Microsoft][ODBC Driver 17 for SQL Server]Syntax error, permission violation, or other nonspecific error
        )

)
Array
(
    [0] => Array
        (
            [0] => 42000
            [SQLSTATE] => 42000
            [1] => 0
            [code] => 0
            [2] => [Microsoft][ODBC Driver 17 for SQL Server]Syntax error, permission violation, or other nonspecific error
            [message] => [Microsoft][ODBC Driver 17 for SQL Server]Syntax error, permission violation, or other nonspecific error
        )

)
Array
(
    [0] => Array
        (
            [0] => 42000
            [SQLSTATE] => 42000
            [1] => 0
            [code] => 0
            [2] => [Microsoft][ODBC Driver 17 for SQL Server]Syntax error, permission violation, or other nonspecific error
            [message] => [Microsoft][ODBC Driver 17 for SQL Server]Syntax error, permission violation, or other nonspecific error
        )

)
Array
(
    [0] => Array
        (
            [0] => 42000
            [SQLSTATE] => 42000
            [1] => 0
            [code] => 0
            [2] => [Microsoft][ODBC Driver 17 for SQL Server]Syntax error, permission violation, or other nonspecific error
            [message] => [Microsoft][ODBC Driver 17 for SQL Server]Syntax error, permission violation, or other nonspecific error
        )

)
Array
(
    [0] => Array
        (
            [0] => 42000
            [SQLSTATE] => 42000
            [1] => 0
            [code] => 0
            [2] => [Microsoft][ODBC Driver 17 for SQL Server]Syntax error, permission violation, or other nonspecific error
            [message] => [Microsoft][ODBC Driver 17 for SQL Server]Syntax error, permission violation, or other nonspecific error
        )

)
Array
(
    [0] => Array
        (
            [0] => 42S02
            [SQLSTATE] => 42S02
            [1] => 208
            [code] => 208
            [2] => [Microsoft][ODBC Driver 17 for SQL Server][SQL Server]Invalid object name 'users'.
            [message] => [Microsoft][ODBC Driver 17 for SQL Server][SQL Server]Invalid object name 'users'.
        )

)
Array
(
    [0] => Array
        (
            [0] => 42S02
            [SQLSTATE] => 42S02
            [1] => 208
            [code] => 208
            [2] => [Microsoft][ODBC Driver 17 for SQL Server][SQL Server]Invalid object name 'users'.
            [message] => [Microsoft][ODBC Driver 17 for SQL Server][SQL Server]Invalid object name 'users'.
        )

)
Array
(
    [0] => Array
        (
            [0] => 42S02
            [SQLSTATE] => 42S02
            [1] => 208
            [code] => 208
            [2] => [Microsoft][ODBC Driver 17 for SQL Server][SQL Server]Invalid object name 'users'.
            [message] => [Microsoft][ODBC Driver 17 for SQL Server][SQL Server]Invalid object name 'users'.
        )

)
Array
(
    [0] => Array
        (
            [0] => 42S02
            [SQLSTATE] => 42S02
            [1] => 208
            [code] => 208
            [2] => [Microsoft][ODBC Driver 17 for SQL Server][SQL Server]Invalid object name 'users'.
            [message] => [Microsoft][ODBC Driver 17 for SQL Server][SQL Server]Invalid object name 'users'.
        )

)
Array
(
    [0] => Array
        (
            [0] => 42S02
            [SQLSTATE] => 42S02
            [1] => 208
            [code] => 208
            [2] => [Microsoft][ODBC Driver 17 for SQL Server][SQL Server]Invalid object name 'users'.
            [message] => [Microsoft][ODBC Driver 17 for SQL Server][SQL Server]Invalid object name 'users'.
        )

)
Array
(
    [0] => Array
        (
            [0] => 42S02
            [SQLSTATE] => 42S02
            [1] => 208
            [code] => 208
            [2] => [Microsoft][ODBC Driver 17 for SQL Server][SQL Server]Invalid object name 'users'.
            [message] => [Microsoft][ODBC Driver 17 for SQL Server][SQL Server]Invalid object name 'users'.
        )

)
Array
(
    [0] => Array
        (
            [0] => 42000
            [SQLSTATE] => 42000
            [1] => 2812
            [code] => 2812
            [2] => [Microsoft][ODBC Driver 17 for SQL Server][SQL Server]Could not find stored procedure 'CheckUsernameExists'.
            [message] => [Microsoft][ODBC Driver 17 for SQL Server][SQL Server]Could not find stored procedure 'CheckUsernameExists'.
        )

)
Array
(
    [0] => Array
        (
            [0] => 42000
            [SQLSTATE] => 42000
            [1] => 2812
            [code] => 2812
            [2] => [Microsoft][ODBC Driver 17 for SQL Server][SQL Server]Could not find stored procedure 'RegisterUser'.
            [message] => [Microsoft][ODBC Driver 17 for SQL Server][SQL Server]Could not find stored procedure 'RegisterUser'.
        )

)
Array
(
    [0] => Array
        (
            [0] => 42000
            [SQLSTATE] => 42000
            [1] => 2812
            [code] => 2812
            [2] => [Microsoft][ODBC Driver 17 for SQL Server][SQL Server]Could not find stored procedure 'CheckUsernameExists'.
            [message] => [Microsoft][ODBC Driver 17 for SQL Server][SQL Server]Could not find stored procedure 'CheckUsernameExists'.
        )

)
Array
(
    [0] => Array
        (
            [0] => 42000
            [SQLSTATE] => 42000
            [1] => 2812
            [code] => 2812
            [2] => [Microsoft][ODBC Driver 17 for SQL Server][SQL Server]Could not find stored procedure 'RegisterUser'.
            [message] => [Microsoft][ODBC Driver 17 for SQL Server][SQL Server]Could not find stored procedure 'RegisterUser'.
        )

)
Array
(
    [0] => Array
        (
            [0] => 42000
            [SQLSTATE] => 42000
            [1] => 2812
            [code] => 2812
            [2] => [Microsoft][ODBC Driver 17 for SQL Server][SQL Server]Could not find stored procedure 'CheckUsernameExists'.
            [message] => [Microsoft][ODBC Driver 17 for SQL Server][SQL Server]Could not find stored procedure 'CheckUsernameExists'.
        )

)
Array
(
    [0] => Array
        (
            [0] => 42000
            [SQLSTATE] => 42000
            [1] => 2812
            [code] => 2812
            [2] => [Microsoft][ODBC Driver 17 for SQL Server][SQL Server]Could not find stored procedure 'RegisterUser'.
            [message] => [Microsoft][ODBC Driver 17 for SQL Server][SQL Server]Could not find stored procedure 'RegisterUser'.
        )

)
Array
(
    [0] => Array
        (
            [0] => 42000
            [SQLSTATE] => 42000
            [1] => 2812
            [code] => 2812
            [2] => [Microsoft][ODBC Driver 17 for SQL Server][SQL Server]Could not find stored procedure 'CheckUsernameExists'.
            [message] => [Microsoft][ODBC Driver 17 for SQL Server][SQL Server]Could not find stored procedure 'CheckUsernameExists'.
        )

)
Array
(
    [0] => Array
        (
            [0] => 42000
            [SQLSTATE] => 42000
            [1] => 2812
            [code] => 2812
            [2] => [Microsoft][ODBC Driver 17 for SQL Server][SQL Server]Could not find stored procedure 'RegisterUser'.
            [message] => [Microsoft][ODBC Driver 17 for SQL Server][SQL Server]Could not find stored procedure 'RegisterUser'.
        )

)
Array
(
    [0] => Array
        (
            [0] => 42000
            [SQLSTATE] => 42000
            [1] => 2812
            [code] => 2812
            [2] => [Microsoft][ODBC Driver 17 for SQL Server][SQL Server]Could not find stored procedure 'CheckUsernameExists'.
            [message] => [Microsoft][ODBC Driver 17 for SQL Server][SQL Server]Could not find stored procedure 'CheckUsernameExists'.
        )

)
Array
(
    [0] => Array
        (
            [0] => 42000
            [SQLSTATE] => 42000
            [1] => 2812
            [code] => 2812
            [2] => [Microsoft][ODBC Driver 17 for SQL Server][SQL Server]Could not find stored procedure 'RegisterUser'.
            [message] => [Microsoft][ODBC Driver 17 for SQL Server][SQL Server]Could not find stored procedure 'RegisterUser'.
        )

)
Array
(
    [0] => Array
        (
            [0] => 42000
            [SQLSTATE] => 42000
            [1] => 2812
            [code] => 2812
            [2] => [Microsoft][ODBC Driver 17 for SQL Server][SQL Server]Could not find stored procedure 'CheckUsernameExists'.
            [message] => [Microsoft][ODBC Driver 17 for SQL Server][SQL Server]Could not find stored procedure 'CheckUsernameExists'.
        )

)
Array
(
    [0] => Array
        (
            [0] => 42000
            [SQLSTATE] => 42000
            [1] => 2812
            [code] => 2812
            [2] => [Microsoft][ODBC Driver 17 for SQL Server][SQL Server]Could not find stored procedure 'RegisterUser'.
            [message] => [Microsoft][ODBC Driver 17 for SQL Server][SQL Server]Could not find stored procedure 'RegisterUser'.
        )

)
Array
(
    [0] => Array
        (
            [0] => 42000
            [SQLSTATE] => 42000
            [1] => 2812
            [code] => 2812
            [2] => [Microsoft][ODBC Driver 17 for SQL Server][SQL Server]Could not find stored procedure 'CheckUsernameExists'.
            [message] => [Microsoft][ODBC Driver 17 for SQL Server][SQL Server]Could not find stored procedure 'CheckUsernameExists'.
        )

)
Array
(
    [0] => Array
        (
            [0] => 42000
            [SQLSTATE] => 42000
            [1] => 2812
            [code] => 2812
            [2] => [Microsoft][ODBC Driver 17 for SQL Server][SQL Server]Could not find stored procedure 'RegisterUser'.
            [message] => [Microsoft][ODBC Driver 17 for SQL Server][SQL Server]Could not find stored procedure 'RegisterUser'.
        )

)
Array
(
    [0] => Array
        (
            [0] => 42000
            [SQLSTATE] => 42000
            [1] => 2812
            [code] => 2812
            [2] => [Microsoft][ODBC Driver 17 for SQL Server][SQL Server]Could not find stored procedure 'GetUserByUsername'.
            [message] => [Microsoft][ODBC Driver 17 for SQL Server][SQL Server]Could not find stored procedure 'GetUserByUsername'.
        )

)
Array
(
    [0] => Array
        (
            [0] => 42000
            [SQLSTATE] => 42000
            [1] => 2812
            [code] => 2812
            [2] => [Microsoft][ODBC Driver 17 for SQL Server][SQL Server]Could not find stored procedure 'CheckUsernameExists'.
            [message] => [Microsoft][ODBC Driver 17 for SQL Server][SQL Server]Could not find stored procedure 'CheckUsernameExists'.
        )

)
Array
(
    [0] => Array
        (
            [0] => 42000
            [SQLSTATE] => 42000
            [1] => 2812
            [code] => 2812
            [2] => [Microsoft][ODBC Driver 17 for SQL Server][SQL Server]Could not find stored procedure 'RegisterUser'.
            [message] => [Microsoft][ODBC Driver 17 for SQL Server][SQL Server]Could not find stored procedure 'RegisterUser'.
        )

)
Array
(
    [0] => Array
        (
            [0] => 42S02
            [SQLSTATE] => 42S02
            [1] => 208
            [code] => 208
            [2] => [Microsoft][ODBC Driver 17 for SQL Server][SQL Server]Invalid object name 'privileges'.
            [message] => [Microsoft][ODBC Driver 17 for SQL Server][SQL Server]Invalid object name 'privileges'.
        )

)
Array
(
    [0] => Array
        (
            [0] => 42S02
            [SQLSTATE] => 42S02
            [1] => 208
            [code] => 208
            [2] => [Microsoft][ODBC Driver 17 for SQL Server][SQL Server]Invalid object name 'privileges'.
            [message] => [Microsoft][ODBC Driver 17 for SQL Server][SQL Server]Invalid object name 'privileges'.
        )

)
Array
(
    [0] => Array
        (
            [0] => 42S02
            [SQLSTATE] => 42S02
            [1] => 208
            [code] => 208
            [2] => [Microsoft][ODBC Driver 17 for SQL Server][SQL Server]Invalid object name 'privileges'.
            [message] => [Microsoft][ODBC Driver 17 for SQL Server][SQL Server]Invalid object name 'privileges'.
        )

)
Array
(
    [0] => Array
        (
            [0] => 42S02
            [SQLSTATE] => 42S02
            [1] => 208
            [code] => 208
            [2] => [Microsoft][ODBC Driver 17 for SQL Server][SQL Server]Invalid object name 'privileges'.
            [message] => [Microsoft][ODBC Driver 17 for SQL Server][SQL Server]Invalid object name 'privileges'.
        )

)
Array
(
    [0] => Array
        (
            [0] => 42000
            [SQLSTATE] => 42000
            [1] => 2812
            [code] => 2812
            [2] => [Microsoft][ODBC Driver 17 for SQL Server][SQL Server]Could not find stored procedure 'CheckUsernameExists'.
            [message] => [Microsoft][ODBC Driver 17 for SQL Server][SQL Server]Could not find stored procedure 'CheckUsernameExists'.
        )

)
Array
(
    [0] => Array
        (
            [0] => 42000
            [SQLSTATE] => 42000
            [1] => 2812
            [code] => 2812
            [2] => [Microsoft][ODBC Driver 17 for SQL Server][SQL Server]Could not find stored procedure 'RegisterUser'.
            [message] => [Microsoft][ODBC Driver 17 for SQL Server][SQL Server]Could not find stored procedure 'RegisterUser'.
        )

)
Array
(
    [0] => Array
        (
            [0] => 42000
            [SQLSTATE] => 42000
            [1] => 2812
            [code] => 2812
            [2] => [Microsoft][ODBC Driver 17 for SQL Server][SQL Server]Could not find stored procedure 'GetUserByUsername'.
            [message] => [Microsoft][ODBC Driver 17 for SQL Server][SQL Server]Could not find stored procedure 'GetUserByUsername'.
        )

)
Array
(
    [0] => Array
        (
            [0] => 42000
            [SQLSTATE] => 42000
            [1] => 2812
            [code] => 2812
            [2] => [Microsoft][ODBC Driver 17 for SQL Server][SQL Server]Could not find stored procedure 'GetUserByUsername'.
            [message] => [Microsoft][ODBC Driver 17 for SQL Server][SQL Server]Could not find stored procedure 'GetUserByUsername'.
        )

)
Array
(
    [0] => Array
        (
            [0] => 42000
            [SQLSTATE] => 42000
            [1] => 2812
            [code] => 2812
            [2] => [Microsoft][ODBC Driver 17 for SQL Server][SQL Server]Could not find stored procedure 'CheckUsernameExists'.
            [message] => [Microsoft][ODBC Driver 17 for SQL Server][SQL Server]Could not find stored procedure 'CheckUsernameExists'.
        )

)
Array
(
    [0] => Array
        (
            [0] => 42000
            [SQLSTATE] => 42000
            [1] => 2812
            [code] => 2812
            [2] => [Microsoft][ODBC Driver 17 for SQL Server][SQL Server]Could not find stored procedure 'RegisterUser'.
            [message] => [Microsoft][ODBC Driver 17 for SQL Server][SQL Server]Could not find stored procedure 'RegisterUser'.
        )

)
Array
(
    [0] => Array
        (
            [0] => 42000
            [SQLSTATE] => 42000
            [1] => 2812
            [code] => 2812
            [2] => [Microsoft][ODBC Driver 17 for SQL Server][SQL Server]Could not find stored procedure 'RegisterUser'.
            [message] => [Microsoft][ODBC Driver 17 for SQL Server][SQL Server]Could not find stored procedure 'RegisterUser'.
        )

)
Array
(
    [0] => Array
        (
            [0] => 42000
            [SQLSTATE] => 42000
            [1] => 2812
            [code] => 2812
            [2] => [Microsoft][ODBC Driver 17 for SQL Server][SQL Server]Could not find stored procedure 'RegisterUser'.
            [message] => [Microsoft][ODBC Driver 17 for SQL Server][SQL Server]Could not find stored procedure 'RegisterUser'.
        )

)
Array
(
    [0] => Array
        (
            [0] => 42000
            [SQLSTATE] => 42000
            [1] => 2812
            [code] => 2812
            [2] => [Microsoft][ODBC Driver 17 for SQL Server][SQL Server]Could not find stored procedure 'RegisterUser'.
            [message] => [Microsoft][ODBC Driver 17 for SQL Server][SQL Server]Could not find stored procedure 'RegisterUser'.
        )

)
Array
(
    [0] => Array
        (
            [0] => 42000
            [SQLSTATE] => 42000
            [1] => 2812
            [code] => 2812
            [2] => [Microsoft][ODBC Driver 17 for SQL Server][SQL Server]Could not find stored procedure 'RegisterUser'.
            [message] => [Microsoft][ODBC Driver 17 for SQL Server][SQL Server]Could not find stored procedure 'RegisterUser'.
        )

)
Array
(
    [0] => Array
        (
            [0] => 42000
            [SQLSTATE] => 42000
            [1] => 2812
            [code] => 2812
            [2] => [Microsoft][ODBC Driver 17 for SQL Server][SQL Server]Could not find stored procedure 'RegisterUser'.
            [message] => [Microsoft][ODBC Driver 17 for SQL Server][SQL Server]Could not find stored procedure 'RegisterUser'.
        )

)
Array
(
    [0] => Array
        (
            [0] => 42000
            [SQLSTATE] => 42000
            [1] => 2812
            [code] => 2812
            [2] => [Microsoft][ODBC Driver 17 for SQL Server][SQL Server]Could not find stored procedure 'CheckUsernameExists'.
            [message] => [Microsoft][ODBC Driver 17 for SQL Server][SQL Server]Could not find stored procedure 'CheckUsernameExists'.
        )

)
Array
(
    [0] => Array
        (
            [0] => 42000
            [SQLSTATE] => 42000
            [1] => 2812
            [code] => 2812
            [2] => [Microsoft][ODBC Driver 17 for SQL Server][SQL Server]Could not find stored procedure 'CheckUsernameExists'.
            [message] => [Microsoft][ODBC Driver 17 for SQL Server][SQL Server]Could not find stored procedure 'CheckUsernameExists'.
        )

)
Array
(
    [0] => Array
        (
            [0] => 42000
            [SQLSTATE] => 42000
            [1] => 2812
            [code] => 2812
            [2] => [Microsoft][ODBC Driver 17 for SQL Server][SQL Server]Could not find stored procedure 'CheckUsernameExists'.
            [message] => [Microsoft][ODBC Driver 17 for SQL Server][SQL Server]Could not find stored procedure 'CheckUsernameExists'.
        )

)
Array
(
    [0] => Array
        (
            [0] => 23000
            [SQLSTATE] => 23000
            [1] => 2627
            [code] => 2627
            [2] => [Microsoft][ODBC Driver 17 for SQL Server][SQL Server]Violation of UNIQUE KEY constraint 'UQ__tb_user__F3DBC572AE9CFFB1'. Cannot insert duplicate key in object 'dbo.tb_user'. The duplicate key value is (admin).
            [message] => [Microsoft][ODBC Driver 17 for SQL Server][SQL Server]Violation of UNIQUE KEY constraint 'UQ__tb_user__F3DBC572AE9CFFB1'. Cannot insert duplicate key in object 'dbo.tb_user'. The duplicate key value is (admin).
        )

    [1] => Array
        (
            [0] => 01000
            [SQLSTATE] => 01000
            [1] => 3621
            [code] => 3621
            [2] => [Microsoft][ODBC Driver 17 for SQL Server][SQL Server]The statement has been terminated.
            [message] => [Microsoft][ODBC Driver 17 for SQL Server][SQL Server]The statement has been terminated.
        )

)
Array
(
    [0] => Array
        (
            [0] => 23000
            [SQLSTATE] => 23000
            [1] => 2627
            [code] => 2627
            [2] => [Microsoft][ODBC Driver 17 for SQL Server][SQL Server]Violation of UNIQUE KEY constraint 'UQ__tb_user__F3DBC572AE9CFFB1'. Cannot insert duplicate key in object 'dbo.tb_user'. The duplicate key value is (admin).
            [message] => [Microsoft][ODBC Driver 17 for SQL Server][SQL Server]Violation of UNIQUE KEY constraint 'UQ__tb_user__F3DBC572AE9CFFB1'. Cannot insert duplicate key in object 'dbo.tb_user'. The duplicate key value is (admin).
        )

    [1] => Array
        (
            [0] => 01000
            [SQLSTATE] => 01000
            [1] => 3621
            [code] => 3621
            [2] => [Microsoft][ODBC Driver 17 for SQL Server][SQL Server]The statement has been terminated.
            [message] => [Microsoft][ODBC Driver 17 for SQL Server][SQL Server]The statement has been terminated.
        )

)
